[21:33:49.029][info] [#0:/home/tlesage/.local/share/nvim/mason/packages/lua-language-server/libexec/main.lua:68]: Lua Lsp startup, root: 	/home/tlesage/.local/share/nvim/mason/packages/lua-language-server/libexec
[21:33:49.029][info] [#0:/home/tlesage/.local/share/nvim/mason/packages/lua-language-server/libexec/main.lua:69]: ROOT:	/home/tlesage/.local/share/nvim/mason/packages/lua-language-server/libexec
[21:33:49.029][info] [#0:/home/tlesage/.local/share/nvim/mason/packages/lua-language-server/libexec/main.lua:70]: LOGPATH:	/home/tlesage/.local/share/nvim/mason/packages/lua-language-server/libexec/log
[21:33:49.029][info] [#0:/home/tlesage/.local/share/nvim/mason/packages/lua-language-server/libexec/main.lua:71]: METAPATH:	/home/tlesage/.local/share/nvim/mason/packages/lua-language-server/libexec/meta
[21:33:49.030][info] [#0:/home/tlesage/.local/share/nvim/mason/packages/lua-language-server/libexec/main.lua:72]: VERSION:	3.9.2
[21:33:49.082][info] [#0:script/proto/proto.lua:234]: Listen Mode: stdio
[21:33:49.082][info] [#0:script/service/service.lua:145]: 
========= Medical Examination Report =========
    --------------- Memory ---------------
        Total: 1.373 MB
        # 00 : 1.373 MB
        # 01 : 0.000 MB
        # 02 : 0.000 MB
        # 03 : 0.000 MB
        # 04 : 0.000 MB
    --------------- Coroutine ---------------
        Total:     0
        Running:   0
        Suspended: 0
        Normal:    0
        Dead:      0
    --------------- Cache ---------------
        Total: 1
        Dead:  0
    ---------------  RPC  ---------------
        Holdon:   0
        Waiting:  0
==============================================
[21:33:49.089][info] [#0:script/client.lua:657]: Client init	{
  capabilities = {
    general = {
      positionEncodings = { "utf-16" }
    },
    textDocument = {
      callHierarchy = {
        dynamicRegistration = false
      },
      codeAction = {
        codeActionLiteralSupport = {
          codeActionKind = {
            valueSet = { "", "quickfix", "refactor", "refactor.extract", "refactor.inline", "refactor.rewrite", "source", "source.organizeImports" }
          }
        },
        dataSupport = true,
        dynamicRegistration = true,
        isPreferredSupport = true,
        resolveSupport = {
          properties = { "edit" }
        }
      },
      completion = {
        completionItem = {
          commitCharactersSupport = true,
          deprecatedSupport = true,
          documentationFormat = { "markdown", "plaintext" },
          insertReplaceSupport = true,
          insertTextModeSupport = {
            valueSet = { 1, 2 }
          },
          labelDetailsSupport = true,
          preselectSupport = true,
          resolveSupport = {
            properties = { "documentation", "detail", "additionalTextEdits", "sortText", "filterText", "insertText", "textEdit", "insertTextFormat", "insertTextMode" }
          },
          snippetSupport = true,
          tagSupport = {
            valueSet = { 1 }
          }
        },
        completionItemKind = {
          valueSet = { 1, 2, 3, 4, 5, 6, 7, 8, 9, 10, 11, 12, 13, 14, 15, 16, 17, 18, 19, 20, 21, 22, 23, 24, 25 }
        },
        completionList = {
          itemDefaults = { "commitCharacters", "editRange", "insertTextFormat", "insertTextMode", "data" }
        },
        contextSupport = true,
        dynamicRegistration = false,
        insertTextMode = 1
      },
      declaration = {
        linkSupport = true
      },
      definition = {
        dynamicRegistration = true,
        linkSupport = true
      },
      diagnostic = {
        dynamicRegistration = false
      },
      documentHighlight = {
        dynamicRegistration = false
      },
      documentSymbol = {
        dynamicRegistration = false,
        hierarchicalDocumentSymbolSupport = true,
        symbolKind = {
          valueSet = { 1, 2, 3, 4, 5, 6, 7, 8, 9, 10, 11, 12, 13, 14, 15, 16, 17, 18, 19, 20, 21, 22, 23, 24, 25, 26 }
        }
      },
      formatting = {
        dynamicRegistration = true
      },
      hover = {
        contentFormat = { "markdown", "plaintext" },
        dynamicRegistration = true
      },
      implementation = {
        linkSupport = true
      },
      inlayHint = {
        dynamicRegistration = true,
        resolveSupport = {
          properties = { "textEdits", "tooltip", "location", "command" }
        }
      },
      publishDiagnostics = {
        dataSupport = true,
        relatedInformation = true,
        tagSupport = {
          valueSet = { 1, 2 }
        }
      },
      rangeFormatting = {
        dynamicRegistration = true
      },
      references = {
        dynamicRegistration = false
      },
      rename = {
        dynamicRegistration = true,
        prepareSupport = true
      },
      semanticTokens = {
        augmentsSyntaxTokens = true,
        dynamicRegistration = false,
        formats = { "relative" },
        multilineTokenSupport = false,
        overlappingTokenSupport = true,
        requests = {
          full = {
            delta = true
          },
          range = false
        },
        serverCancelSupport = false,
        tokenModifiers = { "declaration", "definition", "readonly", "static", "deprecated", "abstract", "async", "modification", "documentation", "defaultLibrary" },
        tokenTypes = { "namespace", "type", "class", "enum", "interface", "struct", "typeParameter", "parameter", "variable", "property", "enumMember", "event", "function", "method", "macro", "keyword", "modifier", "comment", "string", "number", "regexp", "operator", "decorator" }
      },
      signatureHelp = {
        dynamicRegistration = false,
        signatureInformation = {
          activeParameterSupport = true,
          documentationFormat = { "markdown", "plaintext" },
          parameterInformation = {
            labelOffsetSupport = true
          }
        }
      },
      synchronization = {
        didSave = true,
        dynamicRegistration = false,
        willSave = true,
        willSaveWaitUntil = true
      },
      typeDefinition = {
        linkSupport = true
      }
    },
    window = {
      showDocument = {
        support = true
      },
      showMessage = {
        messageActionItem = {
          additionalPropertiesSupport = false
        }
      },
      workDoneProgress = true
    },
    workspace = {
      applyEdit = true,
      configuration = true,
      didChangeConfiguration = {
        dynamicRegistration = false
      },
      didChangeWatchedFiles = {
        dynamicRegistration = false,
        relativePatternSupport = true
      },
      inlayHint = {
        refreshSupport = true
      },
      semanticTokens = {
        refreshSupport = true
      },
      symbol = {
        dynamicRegistration = false,
        symbolKind = {
          valueSet = { 1, 2, 3, 4, 5, 6, 7, 8, 9, 10, 11, 12, 13, 14, 15, 16, 17, 18, 19, 20, 21, 22, 23, 24, 25, 26 }
        }
      },
      workspaceEdit = {
        resourceOperations = { "rename", "create", "delete" }
      },
      workspaceFolders = true
    }
  },
  clientInfo = {
    name = "Neovim",
    version = "0.10.0-dev+v0.10.0"
  },
  initializationOptions = {},
  processId = 257492,
  rootPath = "/home/tlesage/.config/nvim",
  rootUri = "file:///home/tlesage/.config/nvim",
  trace = "off",
  workDoneToken = "1",
  workspaceFolders = { {
      name = "/home/tlesage/.config/nvim",
      uri = "file:///home/tlesage/.config/nvim"
    } }
}
[21:33:49.089][info] [#0:script/language.lua:137]: VSC language: nil
[21:33:49.089][info] [#0:script/language.lua:138]: LS  language: en-us
[21:33:49.089][info] [#0:script/workspace/workspace.lua:38]: Workspace init root: 	file:///home/tlesage/.config/nvim
[21:33:49.089][info] [#0:script/workspace/workspace.lua:42]: Log path: 	/home/tlesage/.local/share/nvim/mason/packages/lua-language-server/libexec/log/file_home_tlesage_.config_nvim.log
[21:33:49.089][info] [#0:script/workspace/workspace.lua:48]: Workspace create: 	file:///home/tlesage/.config/nvim
[21:33:49.191][warn] [#0:script/config/loader.lua:116]: No config?	{}
[21:33:49.292][warn] [#0:script/config/loader.lua:116]: No config?	{}
[21:33:49.293][info] [#0:script/provider/provider.lua:61]: Load config from client	fallback
[21:33:49.293][info] [#0:script/provider/provider.lua:62]: nil
[21:33:49.434][info] [#0:script/library.lua:212]: Init builtin library at:	file:///home/tlesage/.config/nvim
[21:33:49.451][info] [#0:script/library.lua:212]: Init builtin library at:	nil
[21:33:49.561][info] [#0:script/workspace/workspace.lua:324]: Preload start:	file:///home/tlesage/.config/nvim
[21:33:49.576][info] [#0:script/workspace/workspace.lua:330]: Scan files at:	file:///home/tlesage/.config/nvim
[21:33:49.579][info] [#0:script/workspace/workspace.lua:324]: Preload start:	<fallback>
[21:33:49.586][info] [#0:script/workspace/workspace.lua:353]: Scan library at:	file:///home/tlesage/.local/share/nvim/mason/packages/lua-language-server/libexec/meta/Lua%205.4%20en-us%20utf8/os.lua
[21:33:49.587][info] [#0:script/workspace/workspace.lua:353]: Scan library at:	file:///home/tlesage/.local/share/nvim/mason/packages/lua-language-server/libexec/meta/Lua%205.4%20en-us%20utf8/builtin.lua
[21:33:49.588][info] [#0:script/workspace/workspace.lua:353]: Scan library at:	file:///home/tlesage/.local/share/nvim/mason/packages/lua-language-server/libexec/meta/Lua%205.4%20en-us%20utf8/coroutine.lua
[21:33:49.588][info] [#0:script/workspace/workspace.lua:353]: Scan library at:	file:///home/tlesage/.local/share/nvim/mason/packages/lua-language-server/libexec/meta/Lua%205.4%20en-us%20utf8/debug.lua
[21:33:49.589][info] [#0:script/workspace/workspace.lua:353]: Scan library at:	file:///home/tlesage/.local/share/nvim/mason/packages/lua-language-server/libexec/meta/Lua%205.4%20en-us%20utf8/table.lua
[21:33:49.590][info] [#0:script/workspace/workspace.lua:353]: Scan library at:	file:///home/tlesage/.local/share/nvim/mason/packages/lua-language-server/libexec/meta/Lua%205.4%20en-us%20utf8/utf8.lua
[21:33:49.591][info] [#0:script/workspace/workspace.lua:353]: Scan library at:	file:///home/tlesage/.local/share/nvim/mason/packages/lua-language-server/libexec/meta/Lua%205.4%20en-us%20utf8/basic.lua
[21:33:49.592][info] [#0:script/workspace/workspace.lua:353]: Scan library at:	file:///home/tlesage/.local/share/nvim/mason/packages/lua-language-server/libexec/meta/Lua%205.4%20en-us%20utf8/string.lua
[21:33:49.592][info] [#0:script/workspace/workspace.lua:353]: Scan library at:	file:///home/tlesage/.local/share/nvim/mason/packages/lua-language-server/libexec/meta/Lua%205.4%20en-us%20utf8/io.lua
[21:33:49.593][info] [#0:script/workspace/workspace.lua:353]: Scan library at:	file:///home/tlesage/.local/share/nvim/mason/packages/lua-language-server/libexec/meta/Lua%205.4%20en-us%20utf8/math.lua
[21:33:49.594][info] [#0:script/workspace/workspace.lua:353]: Scan library at:	file:///home/tlesage/.local/share/nvim/mason/packages/lua-language-server/libexec/meta/Lua%205.4%20en-us%20utf8/package.lua
[21:33:49.595][info] [#0:script/workspace/workspace.lua:353]: Scan library at:	file:///home/tlesage/.local/share/nvim/mason/packages/lua-language-server/libexec/meta/Lua%205.4%20en-us%20utf8/os.lua
[21:33:49.595][info] [#0:script/workspace/workspace.lua:353]: Scan library at:	file:///home/tlesage/.local/share/nvim/mason/packages/lua-language-server/libexec/meta/Lua%205.4%20en-us%20utf8/builtin.lua
[21:33:49.595][info] [#0:script/workspace/workspace.lua:353]: Scan library at:	file:///home/tlesage/.local/share/nvim/mason/packages/lua-language-server/libexec/meta/Lua%205.4%20en-us%20utf8/coroutine.lua
[21:33:49.596][info] [#0:script/workspace/workspace.lua:353]: Scan library at:	file:///home/tlesage/.local/share/nvim/mason/packages/lua-language-server/libexec/meta/Lua%205.4%20en-us%20utf8/debug.lua
[21:33:49.596][info] [#0:script/workspace/workspace.lua:353]: Scan library at:	file:///home/tlesage/.local/share/nvim/mason/packages/lua-language-server/libexec/meta/Lua%205.4%20en-us%20utf8/table.lua
[21:33:49.596][info] [#0:script/workspace/workspace.lua:353]: Scan library at:	file:///home/tlesage/.local/share/nvim/mason/packages/lua-language-server/libexec/meta/Lua%205.4%20en-us%20utf8/utf8.lua
[21:33:49.597][info] [#0:script/workspace/workspace.lua:353]: Scan library at:	file:///home/tlesage/.local/share/nvim/mason/packages/lua-language-server/libexec/meta/Lua%205.4%20en-us%20utf8/basic.lua
[21:33:49.597][info] [#0:script/workspace/workspace.lua:353]: Scan library at:	file:///home/tlesage/.local/share/nvim/mason/packages/lua-language-server/libexec/meta/Lua%205.4%20en-us%20utf8/string.lua
[21:33:49.597][info] [#0:script/workspace/workspace.lua:353]: Scan library at:	file:///home/tlesage/.local/share/nvim/mason/packages/lua-language-server/libexec/meta/Lua%205.4%20en-us%20utf8/io.lua
[21:33:49.598][info] [#0:script/workspace/workspace.lua:353]: Scan library at:	file:///home/tlesage/.local/share/nvim/mason/packages/lua-language-server/libexec/meta/Lua%205.4%20en-us%20utf8/math.lua
[21:33:49.598][info] [#0:script/workspace/workspace.lua:353]: Scan library at:	file:///home/tlesage/.local/share/nvim/mason/packages/lua-language-server/libexec/meta/Lua%205.4%20en-us%20utf8/package.lua
[21:33:49.699][info] [#0:script/workspace/workspace.lua:379]: Found 11 files at:	<fallback>
[21:33:49.699][info] [#0:script/workspace/loading.lua:161]: Load files from disk:	<fallback>
[21:33:49.699][info] [#0:script/workspace/workspace.lua:379]: Found 25 files at:	file:///home/tlesage/.config/nvim
[21:33:49.699][info] [#0:script/workspace/loading.lua:161]: Load files from disk:	file:///home/tlesage/.config/nvim
[21:33:49.704][info] [#0:script/workspace/loading.lua:101]: Preload file at: file:///home/tlesage/.local/share/nvim/mason/packages/lua-language-server/libexec/meta/Lua%205.4%20en-us%20utf8/package.lua , size = 2.944 KB
[21:33:49.706][info] [#0:script/workspace/loading.lua:113]: ++++As library of:	file:///home/tlesage/.local/share/nvim/mason/packages/lua-language-server/libexec/meta/Lua%205.4%20en-us%20utf8/package.lua
[21:33:49.706][info] [#0:script/workspace/loading.lua:98]: Skip loaded file: file:///home/tlesage/.local/share/nvim/mason/packages/lua-language-server/libexec/meta/Lua%205.4%20en-us%20utf8/package.lua
[21:33:49.706][info] [#0:script/workspace/loading.lua:101]: Preload file at: file:///home/tlesage/.local/share/nvim/mason/packages/lua-language-server/libexec/meta/Lua%205.4%20en-us%20utf8/math.lua , size = 8.509 KB
[21:33:49.712][info] [#0:script/workspace/loading.lua:113]: ++++As library of:	file:///home/tlesage/.local/share/nvim/mason/packages/lua-language-server/libexec/meta/Lua%205.4%20en-us%20utf8/math.lua
[21:33:49.712][info] [#0:script/workspace/loading.lua:98]: Skip loaded file: file:///home/tlesage/.local/share/nvim/mason/packages/lua-language-server/libexec/meta/Lua%205.4%20en-us%20utf8/math.lua
[21:33:49.712][info] [#0:script/workspace/loading.lua:101]: Preload file at: file:///home/tlesage/.local/share/nvim/mason/packages/lua-language-server/libexec/meta/Lua%205.4%20en-us%20utf8/io.lua , size = 6.364 KB
[21:33:49.716][info] [#0:script/workspace/loading.lua:113]: ++++As library of:	file:///home/tlesage/.local/share/nvim/mason/packages/lua-language-server/libexec/meta/Lua%205.4%20en-us%20utf8/io.lua
[21:33:49.716][info] [#0:script/workspace/loading.lua:98]: Skip loaded file: file:///home/tlesage/.local/share/nvim/mason/packages/lua-language-server/libexec/meta/Lua%205.4%20en-us%20utf8/io.lua
[21:33:49.716][info] [#0:script/workspace/loading.lua:101]: Preload file at: file:///home/tlesage/.local/share/nvim/mason/packages/lua-language-server/libexec/meta/Lua%205.4%20en-us%20utf8/string.lua , size = 6.341 KB
[21:33:49.719][info] [#0:script/workspace/loading.lua:113]: ++++As library of:	file:///home/tlesage/.local/share/nvim/mason/packages/lua-language-server/libexec/meta/Lua%205.4%20en-us%20utf8/string.lua
[21:33:49.719][info] [#0:script/workspace/loading.lua:98]: Skip loaded file: file:///home/tlesage/.local/share/nvim/mason/packages/lua-language-server/libexec/meta/Lua%205.4%20en-us%20utf8/string.lua
[21:33:49.719][info] [#0:script/workspace/loading.lua:101]: Preload file at: file:///home/tlesage/.local/share/nvim/mason/packages/lua-language-server/libexec/meta/Lua%205.4%20en-us%20utf8/basic.lua , size = 15.619 KB
[21:33:49.728][info] [#0:script/workspace/loading.lua:113]: ++++As library of:	file:///home/tlesage/.local/share/nvim/mason/packages/lua-language-server/libexec/meta/Lua%205.4%20en-us%20utf8/basic.lua
[21:33:49.728][info] [#0:script/workspace/loading.lua:98]: Skip loaded file: file:///home/tlesage/.local/share/nvim/mason/packages/lua-language-server/libexec/meta/Lua%205.4%20en-us%20utf8/basic.lua
[21:33:49.728][info] [#0:script/workspace/loading.lua:101]: Preload file at: file:///home/tlesage/.local/share/nvim/mason/packages/lua-language-server/libexec/meta/Lua%205.4%20en-us%20utf8/utf8.lua , size = 2.386 KB
[21:33:49.729][info] [#0:script/workspace/loading.lua:113]: ++++As library of:	file:///home/tlesage/.local/share/nvim/mason/packages/lua-language-server/libexec/meta/Lua%205.4%20en-us%20utf8/utf8.lua
[21:33:49.729][info] [#0:script/workspace/loading.lua:98]: Skip loaded file: file:///home/tlesage/.local/share/nvim/mason/packages/lua-language-server/libexec/meta/Lua%205.4%20en-us%20utf8/utf8.lua
[21:33:49.729][info] [#0:script/workspace/loading.lua:101]: Preload file at: file:///home/tlesage/.local/share/nvim/mason/packages/lua-language-server/libexec/meta/Lua%205.4%20en-us%20utf8/table.lua , size = 4.235 KB
[21:33:49.732][info] [#0:script/workspace/loading.lua:113]: ++++As library of:	file:///home/tlesage/.local/share/nvim/mason/packages/lua-language-server/libexec/meta/Lua%205.4%20en-us%20utf8/table.lua
[21:33:49.732][info] [#0:script/workspace/loading.lua:98]: Skip loaded file: file:///home/tlesage/.local/share/nvim/mason/packages/lua-language-server/libexec/meta/Lua%205.4%20en-us%20utf8/table.lua
[21:33:49.732][info] [#0:script/workspace/loading.lua:101]: Preload file at: file:///home/tlesage/.local/share/nvim/mason/packages/lua-language-server/libexec/meta/Lua%205.4%20en-us%20utf8/debug.lua , size = 7.637 KB
[21:33:49.738][info] [#0:script/workspace/loading.lua:113]: ++++As library of:	file:///home/tlesage/.local/share/nvim/mason/packages/lua-language-server/libexec/meta/Lua%205.4%20en-us%20utf8/debug.lua
[21:33:49.738][info] [#0:script/workspace/loading.lua:98]: Skip loaded file: file:///home/tlesage/.local/share/nvim/mason/packages/lua-language-server/libexec/meta/Lua%205.4%20en-us%20utf8/debug.lua
[21:33:49.738][info] [#0:script/workspace/loading.lua:101]: Preload file at: file:///home/tlesage/.local/share/nvim/mason/packages/lua-language-server/libexec/meta/Lua%205.4%20en-us%20utf8/coroutine.lua , size = 2.590 KB
[21:33:49.740][info] [#0:script/workspace/loading.lua:113]: ++++As library of:	file:///home/tlesage/.local/share/nvim/mason/packages/lua-language-server/libexec/meta/Lua%205.4%20en-us%20utf8/coroutine.lua
[21:33:49.740][info] [#0:script/workspace/loading.lua:98]: Skip loaded file: file:///home/tlesage/.local/share/nvim/mason/packages/lua-language-server/libexec/meta/Lua%205.4%20en-us%20utf8/coroutine.lua
[21:33:49.740][info] [#0:script/workspace/loading.lua:101]: Preload file at: file:///home/tlesage/.local/share/nvim/mason/packages/lua-language-server/libexec/meta/Lua%205.4%20en-us%20utf8/builtin.lua , size = 0.302 KB
[21:33:49.740][info] [#0:script/workspace/loading.lua:113]: ++++As library of:	file:///home/tlesage/.local/share/nvim/mason/packages/lua-language-server/libexec/meta/Lua%205.4%20en-us%20utf8/builtin.lua
[21:33:49.740][info] [#0:script/workspace/loading.lua:98]: Skip loaded file: file:///home/tlesage/.local/share/nvim/mason/packages/lua-language-server/libexec/meta/Lua%205.4%20en-us%20utf8/builtin.lua
[21:33:49.740][info] [#0:script/workspace/loading.lua:101]: Preload file at: file:///home/tlesage/.local/share/nvim/mason/packages/lua-language-server/libexec/meta/Lua%205.4%20en-us%20utf8/os.lua , size = 5.600 KB
[21:33:49.743][info] [#0:script/workspace/loading.lua:113]: ++++As library of:	file:///home/tlesage/.local/share/nvim/mason/packages/lua-language-server/libexec/meta/Lua%205.4%20en-us%20utf8/os.lua
[21:33:49.743][info] [#0:script/workspace/loading.lua:98]: Skip loaded file: file:///home/tlesage/.local/share/nvim/mason/packages/lua-language-server/libexec/meta/Lua%205.4%20en-us%20utf8/os.lua
[21:33:49.743][info] [#0:script/workspace/loading.lua:101]: Preload file at: file:///home/tlesage/.config/nvim/after/plugin/undotree.lua , size = 1.209 KB
[21:33:49.743][info] [#0:script/workspace/loading.lua:101]: Preload file at: file:///home/tlesage/.config/nvim/after/plugin/catppuccin.lua , size = 3.213 KB
[21:33:49.744][info] [#0:script/workspace/loading.lua:101]: Preload file at: file:///home/tlesage/.config/nvim/after/plugin/harpoon.lua , size = 1.418 KB
[21:33:49.744][info] [#0:script/workspace/loading.lua:101]: Preload file at: file:///home/tlesage/.config/nvim/after/plugin/lualine.lua , size = 0.918 KB
[21:33:49.745][info] [#0:script/workspace/loading.lua:101]: Preload file at: file:///home/tlesage/.config/nvim/after/plugin/lsp.lua , size = 2.009 KB
[21:33:49.746][info] [#0:script/workspace/loading.lua:101]: Preload file at: file:///home/tlesage/.config/nvim/after/plugin/telescope.lua , size = 1.506 KB
[21:33:49.746][info] [#0:script/workspace/loading.lua:101]: Preload file at: file:///home/tlesage/.config/nvim/after/plugin/treesitter.lua , size = 2.214 KB
[21:33:49.747][info] [#0:script/workspace/loading.lua:101]: Preload file at: file:///home/tlesage/.config/nvim/after/plugin/fugitive.lua , size = 0.978 KB
[21:33:49.747][info] [#0:script/workspace/loading.lua:101]: Preload file at: file:///home/tlesage/.config/nvim/init.lua , size = 0.459 KB
[21:33:49.748][info] [#0:script/workspace/loading.lua:101]: Preload file at: file:///home/tlesage/.config/nvim/lua/plugin/lazy.lua , size = 0.797 KB
[21:33:49.748][info] [#0:script/workspace/loading.lua:101]: Preload file at: file:///home/tlesage/.config/nvim/lua/nak0x/remap.lua , size = 0.297 KB
[21:33:49.749][info] [#0:script/workspace/loading.lua:101]: Preload file at: file:///home/tlesage/.config/nvim/after/plugin/vim-tmux-navigator.lua , size = 0.213 KB
[21:33:49.749][info] [#0:script/workspace/loading.lua:89]: Skip loaded file: file:///home/tlesage/.config/nvim/lua/nak0x/init.lua
[21:33:49.749][info] [#0:script/workspace/loading.lua:101]: Preload file at: file:///home/tlesage/.config/nvim/lua/nak0x/set.lua , size = 0.563 KB
[21:33:49.850][info] [#0:script/workspace/loading.lua:173]: Loaded files takes [0.061] sec: <fallback>
[21:33:49.851][info] [#0:script/workspace/loading.lua:182]: Compile files takes [0.000] sec: <fallback>
[21:33:49.851][info] [#0:script/workspace/loading.lua:183]: Loaded finish:	<fallback>
[21:33:49.851][info] [#0:script/workspace/workspace.lua:381]: Preload finish at:	<fallback>
[21:33:49.861][info] [#0:script/workspace/loading.lua:173]: Loaded files takes [0.072] sec: file:///home/tlesage/.config/nvim
[21:33:49.862][info] [#0:script/workspace/loading.lua:182]: Compile files takes [0.000] sec: file:///home/tlesage/.config/nvim
[21:33:49.862][info] [#0:script/workspace/loading.lua:183]: Loaded finish:	file:///home/tlesage/.config/nvim
[21:33:49.862][info] [#0:script/workspace/workspace.lua:381]: Preload finish at:	file:///home/tlesage/.config/nvim
[21:33:49.867][info] [#0:script/provider/diagnostic.lua:560]: Diagnostics scope [file:///home/tlesage/.config/nvim], files count:[25]
[21:33:50.063][info] [#0:script/provider/diagnostic.lua:577]: Diagnostics scope [file:///home/tlesage/.config/nvim] finished, takes [0.090] sec.
[21:33:56.692][info] [#0:script/provider/provider.lua:169]: Server shutdown.
[21:33:56.793][info] [#0:script/provider/provider.lua:162]: Server exited.
[21:40:57.862][info] [#0:script/service/service.lua:145]: 
========= Medical Examination Report =========
    --------------- Memory ---------------
        Total: 7.543 MB
        # 00 : 7.220 MB
        # 01 : 0.053 MB
        # 02 : 0.099 MB
        # 03 : 0.118 MB
        # 04 : 0.053 MB
    --------------- Coroutine ---------------
        Total:     0
        Running:   0
        Suspended: 0
        Normal:    0
        Dead:      0
    --------------- Cache ---------------
        Total: 1
        Dead:  0
    ---------------  RPC  ---------------
        Holdon:   0
        Waiting:  0
==============================================
