[21:10:55.074][info] [#0:/home/tlesage/.local/share/nvim/mason/packages/lua-language-server/libexec/main.lua:68]: Lua Lsp startup, root: 	/home/tlesage/.local/share/nvim/mason/packages/lua-language-server/libexec
[21:10:55.074][info] [#0:/home/tlesage/.local/share/nvim/mason/packages/lua-language-server/libexec/main.lua:69]: ROOT:	/home/tlesage/.local/share/nvim/mason/packages/lua-language-server/libexec
[21:10:55.075][info] [#0:/home/tlesage/.local/share/nvim/mason/packages/lua-language-server/libexec/main.lua:70]: LOGPATH:	/home/tlesage/.local/share/nvim/mason/packages/lua-language-server/libexec/log
[21:10:55.075][info] [#0:/home/tlesage/.local/share/nvim/mason/packages/lua-language-server/libexec/main.lua:71]: METAPATH:	/home/tlesage/.local/share/nvim/mason/packages/lua-language-server/libexec/meta
[21:10:55.075][info] [#0:/home/tlesage/.local/share/nvim/mason/packages/lua-language-server/libexec/main.lua:72]: VERSION:	3.9.2
[21:10:55.101][info] [#0:script/proto/proto.lua:234]: Listen Mode: stdio
[21:10:55.101][info] [#0:script/service/service.lua:145]: 
========= Medical Examination Report =========
    --------------- Memory ---------------
        Total: 1.373 MB
        # 00 : 1.373 MB
        # 01 : 0.000 MB
        # 02 : 0.000 MB
        # 03 : 0.000 MB
        # 04 : 0.000 MB
    --------------- Coroutine ---------------
        Total:     0
        Running:   0
        Suspended: 0
        Normal:    0
        Dead:      0
    --------------- Cache ---------------
        Total: 1
        Dead:  0
    ---------------  RPC  ---------------
        Holdon:   0
        Waiting:  0
==============================================
[21:10:55.105][info] [#0:script/client.lua:657]: Client init	{
  capabilities = {
    general = {
      positionEncodings = { "utf-16" }
    },
    textDocument = {
      callHierarchy = {
        dynamicRegistration = false
      },
      codeAction = {
        codeActionLiteralSupport = {
          codeActionKind = {
            valueSet = { "", "quickfix", "refactor", "refactor.extract", "refactor.inline", "refactor.rewrite", "source", "source.organizeImports" }
          }
        },
        dataSupport = true,
        dynamicRegistration = true,
        isPreferredSupport = true,
        resolveSupport = {
          properties = { "edit" }
        }
      },
      completion = {
        completionItem = {
          commitCharactersSupport = true,
          deprecatedSupport = true,
          documentationFormat = { "markdown", "plaintext" },
          insertReplaceSupport = true,
          insertTextModeSupport = {
            valueSet = { 1, 2 }
          },
          labelDetailsSupport = true,
          preselectSupport = true,
          resolveSupport = {
            properties = { "documentation", "detail", "additionalTextEdits", "sortText", "filterText", "insertText", "textEdit", "insertTextFormat", "insertTextMode" }
          },
          snippetSupport = true,
          tagSupport = {
            valueSet = { 1 }
          }
        },
        completionItemKind = {
          valueSet = { 1, 2, 3, 4, 5, 6, 7, 8, 9, 10, 11, 12, 13, 14, 15, 16, 17, 18, 19, 20, 21, 22, 23, 24, 25 }
        },
        completionList = {
          itemDefaults = { "commitCharacters", "editRange", "insertTextFormat", "insertTextMode", "data" }
        },
        contextSupport = true,
        dynamicRegistration = false,
        insertTextMode = 1
      },
      declaration = {
        linkSupport = true
      },
      definition = {
        dynamicRegistration = true,
        linkSupport = true
      },
      diagnostic = {
        dynamicRegistration = false
      },
      documentHighlight = {
        dynamicRegistration = false
      },
      documentSymbol = {
        dynamicRegistration = false,
        hierarchicalDocumentSymbolSupport = true,
        symbolKind = {
          valueSet = { 1, 2, 3, 4, 5, 6, 7, 8, 9, 10, 11, 12, 13, 14, 15, 16, 17, 18, 19, 20, 21, 22, 23, 24, 25, 26 }
        }
      },
      formatting = {
        dynamicRegistration = true
      },
      hover = {
        contentFormat = { "markdown", "plaintext" },
        dynamicRegistration = true
      },
      implementation = {
        linkSupport = true
      },
      inlayHint = {
        dynamicRegistration = true,
        resolveSupport = {
          properties = { "textEdits", "tooltip", "location", "command" }
        }
      },
      publishDiagnostics = {
        dataSupport = true,
        relatedInformation = true,
        tagSupport = {
          valueSet = { 1, 2 }
        }
      },
      rangeFormatting = {
        dynamicRegistration = true
      },
      references = {
        dynamicRegistration = false
      },
      rename = {
        dynamicRegistration = true,
        prepareSupport = true
      },
      semanticTokens = {
        augmentsSyntaxTokens = true,
        dynamicRegistration = false,
        formats = { "relative" },
        multilineTokenSupport = false,
        overlappingTokenSupport = true,
        requests = {
          full = {
            delta = true
          },
          range = false
        },
        serverCancelSupport = false,
        tokenModifiers = { "declaration", "definition", "readonly", "static", "deprecated", "abstract", "async", "modification", "documentation", "defaultLibrary" },
        tokenTypes = { "namespace", "type", "class", "enum", "interface", "struct", "typeParameter", "parameter", "variable", "property", "enumMember", "event", "function", "method", "macro", "keyword", "modifier", "comment", "string", "number", "regexp", "operator", "decorator" }
      },
      signatureHelp = {
        dynamicRegistration = false,
        signatureInformation = {
          activeParameterSupport = true,
          documentationFormat = { "markdown", "plaintext" },
          parameterInformation = {
            labelOffsetSupport = true
          }
        }
      },
      synchronization = {
        didSave = true,
        dynamicRegistration = false,
        willSave = true,
        willSaveWaitUntil = true
      },
      typeDefinition = {
        linkSupport = true
      }
    },
    window = {
      showDocument = {
        support = true
      },
      showMessage = {
        messageActionItem = {
          additionalPropertiesSupport = false
        }
      },
      workDoneProgress = true
    },
    workspace = {
      applyEdit = true,
      configuration = true,
      didChangeConfiguration = {
        dynamicRegistration = false
      },
      didChangeWatchedFiles = {
        dynamicRegistration = false,
        relativePatternSupport = true
      },
      inlayHint = {
        refreshSupport = true
      },
      semanticTokens = {
        refreshSupport = true
      },
      symbol = {
        dynamicRegistration = false,
        symbolKind = {
          valueSet = { 1, 2, 3, 4, 5, 6, 7, 8, 9, 10, 11, 12, 13, 14, 15, 16, 17, 18, 19, 20, 21, 22, 23, 24, 25, 26 }
        }
      },
      workspaceEdit = {
        resourceOperations = { "rename", "create", "delete" }
      },
      workspaceFolders = true
    }
  },
  clientInfo = {
    name = "Neovim",
    version = "0.10.0-dev+v0.10.0"
  },
  initializationOptions = {},
  processId = 61100,
  rootPath = "/media/tlesage/docs/os rebuild teklia laptop/nvim",
  rootUri = "file:///media/tlesage/docs/os%20rebuild%20teklia%20laptop/nvim",
  trace = "off",
  workDoneToken = "1",
  workspaceFolders = { {
      name = "/media/tlesage/docs/os rebuild teklia laptop/nvim",
      uri = "file:///media/tlesage/docs/os%20rebuild%20teklia%20laptop/nvim"
    } }
}
[21:10:55.105][info] [#0:script/language.lua:137]: VSC language: nil
[21:10:55.105][info] [#0:script/language.lua:138]: LS  language: en-us
[21:10:55.105][info] [#0:script/workspace/workspace.lua:38]: Workspace init root: 	file:///media/tlesage/docs/os%20rebuild%20teklia%20laptop/nvim
[21:10:55.105][info] [#0:script/workspace/workspace.lua:42]: Log path: 	/home/tlesage/.local/share/nvim/mason/packages/lua-language-server/libexec/log/file_media_tlesage_docs_os%20rebuild%20teklia%20laptop_nvim.log
[21:10:55.105][info] [#0:script/workspace/workspace.lua:48]: Workspace create: 	file:///media/tlesage/docs/os%20rebuild%20teklia%20laptop/nvim
[21:10:55.207][warn] [#0:script/config/loader.lua:116]: No config?	{}
[21:10:55.308][warn] [#0:script/config/loader.lua:116]: No config?	{}
[21:10:55.308][info] [#0:script/provider/provider.lua:61]: Load config from client	fallback
[21:10:55.308][info] [#0:script/provider/provider.lua:62]: nil
[21:10:55.444][info] [#0:script/library.lua:212]: Init builtin library at:	file:///media/tlesage/docs/os%20rebuild%20teklia%20laptop/nvim
[21:10:55.461][info] [#0:script/library.lua:212]: Init builtin library at:	nil
[21:10:55.571][info] [#0:script/workspace/workspace.lua:324]: Preload start:	file:///media/tlesage/docs/os%20rebuild%20teklia%20laptop/nvim
[21:10:55.586][info] [#0:script/workspace/workspace.lua:330]: Scan files at:	file:///media/tlesage/docs/os%20rebuild%20teklia%20laptop/nvim
[21:10:55.590][info] [#0:script/workspace/workspace.lua:324]: Preload start:	<fallback>
[21:10:55.598][info] [#0:script/workspace/workspace.lua:353]: Scan library at:	file:///home/tlesage/.local/share/nvim/mason/packages/lua-language-server/libexec/meta/Lua%205.4%20en-us%20utf8/os.lua
[21:10:55.598][info] [#0:script/workspace/workspace.lua:353]: Scan library at:	file:///home/tlesage/.local/share/nvim/mason/packages/lua-language-server/libexec/meta/Lua%205.4%20en-us%20utf8/builtin.lua
[21:10:55.599][info] [#0:script/workspace/workspace.lua:353]: Scan library at:	file:///home/tlesage/.local/share/nvim/mason/packages/lua-language-server/libexec/meta/Lua%205.4%20en-us%20utf8/coroutine.lua
[21:10:55.600][info] [#0:script/workspace/workspace.lua:353]: Scan library at:	file:///home/tlesage/.local/share/nvim/mason/packages/lua-language-server/libexec/meta/Lua%205.4%20en-us%20utf8/debug.lua
[21:10:55.600][info] [#0:script/workspace/workspace.lua:353]: Scan library at:	file:///home/tlesage/.local/share/nvim/mason/packages/lua-language-server/libexec/meta/Lua%205.4%20en-us%20utf8/table.lua
[21:10:55.601][info] [#0:script/workspace/workspace.lua:353]: Scan library at:	file:///home/tlesage/.local/share/nvim/mason/packages/lua-language-server/libexec/meta/Lua%205.4%20en-us%20utf8/utf8.lua
[21:10:55.602][info] [#0:script/workspace/workspace.lua:353]: Scan library at:	file:///home/tlesage/.local/share/nvim/mason/packages/lua-language-server/libexec/meta/Lua%205.4%20en-us%20utf8/basic.lua
[21:10:55.603][info] [#0:script/workspace/workspace.lua:353]: Scan library at:	file:///home/tlesage/.local/share/nvim/mason/packages/lua-language-server/libexec/meta/Lua%205.4%20en-us%20utf8/string.lua
[21:10:55.604][info] [#0:script/workspace/workspace.lua:353]: Scan library at:	file:///home/tlesage/.local/share/nvim/mason/packages/lua-language-server/libexec/meta/Lua%205.4%20en-us%20utf8/io.lua
[21:10:55.604][info] [#0:script/workspace/workspace.lua:353]: Scan library at:	file:///home/tlesage/.local/share/nvim/mason/packages/lua-language-server/libexec/meta/Lua%205.4%20en-us%20utf8/math.lua
[21:10:55.605][info] [#0:script/workspace/workspace.lua:353]: Scan library at:	file:///home/tlesage/.local/share/nvim/mason/packages/lua-language-server/libexec/meta/Lua%205.4%20en-us%20utf8/package.lua
[21:10:55.606][info] [#0:script/workspace/workspace.lua:353]: Scan library at:	file:///home/tlesage/.local/share/nvim/mason/packages/lua-language-server/libexec/meta/Lua%205.4%20en-us%20utf8/os.lua
[21:10:55.606][info] [#0:script/workspace/workspace.lua:353]: Scan library at:	file:///home/tlesage/.local/share/nvim/mason/packages/lua-language-server/libexec/meta/Lua%205.4%20en-us%20utf8/builtin.lua
[21:10:55.606][info] [#0:script/workspace/workspace.lua:353]: Scan library at:	file:///home/tlesage/.local/share/nvim/mason/packages/lua-language-server/libexec/meta/Lua%205.4%20en-us%20utf8/coroutine.lua
[21:10:55.607][info] [#0:script/workspace/workspace.lua:353]: Scan library at:	file:///home/tlesage/.local/share/nvim/mason/packages/lua-language-server/libexec/meta/Lua%205.4%20en-us%20utf8/debug.lua
[21:10:55.607][info] [#0:script/workspace/workspace.lua:353]: Scan library at:	file:///home/tlesage/.local/share/nvim/mason/packages/lua-language-server/libexec/meta/Lua%205.4%20en-us%20utf8/table.lua
[21:10:55.607][info] [#0:script/workspace/workspace.lua:353]: Scan library at:	file:///home/tlesage/.local/share/nvim/mason/packages/lua-language-server/libexec/meta/Lua%205.4%20en-us%20utf8/utf8.lua
[21:10:55.608][info] [#0:script/workspace/workspace.lua:353]: Scan library at:	file:///home/tlesage/.local/share/nvim/mason/packages/lua-language-server/libexec/meta/Lua%205.4%20en-us%20utf8/basic.lua
[21:10:55.608][info] [#0:script/workspace/workspace.lua:353]: Scan library at:	file:///home/tlesage/.local/share/nvim/mason/packages/lua-language-server/libexec/meta/Lua%205.4%20en-us%20utf8/string.lua
[21:10:55.608][info] [#0:script/workspace/workspace.lua:353]: Scan library at:	file:///home/tlesage/.local/share/nvim/mason/packages/lua-language-server/libexec/meta/Lua%205.4%20en-us%20utf8/io.lua
[21:10:55.609][info] [#0:script/workspace/workspace.lua:353]: Scan library at:	file:///home/tlesage/.local/share/nvim/mason/packages/lua-language-server/libexec/meta/Lua%205.4%20en-us%20utf8/math.lua
[21:10:55.609][info] [#0:script/workspace/workspace.lua:353]: Scan library at:	file:///home/tlesage/.local/share/nvim/mason/packages/lua-language-server/libexec/meta/Lua%205.4%20en-us%20utf8/package.lua
[21:10:55.710][info] [#0:script/workspace/workspace.lua:379]: Found 11 files at:	<fallback>
[21:10:55.710][info] [#0:script/workspace/loading.lua:161]: Load files from disk:	<fallback>
[21:10:55.710][info] [#0:script/workspace/workspace.lua:379]: Found 24 files at:	file:///media/tlesage/docs/os%20rebuild%20teklia%20laptop/nvim
[21:10:55.710][info] [#0:script/workspace/loading.lua:161]: Load files from disk:	file:///media/tlesage/docs/os%20rebuild%20teklia%20laptop/nvim
[21:10:55.714][info] [#0:script/workspace/loading.lua:101]: Preload file at: file:///home/tlesage/.local/share/nvim/mason/packages/lua-language-server/libexec/meta/Lua%205.4%20en-us%20utf8/package.lua , size = 2.944 KB
[21:10:55.721][info] [#0:script/workspace/loading.lua:113]: ++++As library of:	file:///home/tlesage/.local/share/nvim/mason/packages/lua-language-server/libexec/meta/Lua%205.4%20en-us%20utf8/package.lua
[21:10:55.721][info] [#0:script/workspace/loading.lua:101]: Preload file at: file:///home/tlesage/.local/share/nvim/mason/packages/lua-language-server/libexec/meta/Lua%205.4%20en-us%20utf8/math.lua , size = 8.509 KB
[21:10:55.745][info] [#0:script/workspace/loading.lua:113]: ++++As library of:	file:///home/tlesage/.local/share/nvim/mason/packages/lua-language-server/libexec/meta/Lua%205.4%20en-us%20utf8/math.lua
[21:10:55.745][info] [#0:script/workspace/loading.lua:98]: Skip loaded file: file:///home/tlesage/.local/share/nvim/mason/packages/lua-language-server/libexec/meta/Lua%205.4%20en-us%20utf8/math.lua
[21:10:55.745][info] [#0:script/workspace/loading.lua:101]: Preload file at: file:///home/tlesage/.local/share/nvim/mason/packages/lua-language-server/libexec/meta/Lua%205.4%20en-us%20utf8/io.lua , size = 6.364 KB
[21:10:55.753][info] [#0:script/workspace/loading.lua:113]: ++++As library of:	file:///home/tlesage/.local/share/nvim/mason/packages/lua-language-server/libexec/meta/Lua%205.4%20en-us%20utf8/io.lua
[21:10:55.753][info] [#0:script/workspace/loading.lua:98]: Skip loaded file: file:///home/tlesage/.local/share/nvim/mason/packages/lua-language-server/libexec/meta/Lua%205.4%20en-us%20utf8/io.lua
[21:10:55.753][info] [#0:script/workspace/loading.lua:101]: Preload file at: file:///home/tlesage/.local/share/nvim/mason/packages/lua-language-server/libexec/meta/Lua%205.4%20en-us%20utf8/string.lua , size = 6.341 KB
[21:10:55.759][info] [#0:script/workspace/loading.lua:113]: ++++As library of:	file:///home/tlesage/.local/share/nvim/mason/packages/lua-language-server/libexec/meta/Lua%205.4%20en-us%20utf8/string.lua
[21:10:55.759][info] [#0:script/workspace/loading.lua:98]: Skip loaded file: file:///home/tlesage/.local/share/nvim/mason/packages/lua-language-server/libexec/meta/Lua%205.4%20en-us%20utf8/string.lua
[21:10:55.759][info] [#0:script/workspace/loading.lua:98]: Skip loaded file: file:///home/tlesage/.local/share/nvim/mason/packages/lua-language-server/libexec/meta/Lua%205.4%20en-us%20utf8/package.lua
[21:10:55.759][info] [#0:script/workspace/loading.lua:101]: Preload file at: file:///home/tlesage/.local/share/nvim/mason/packages/lua-language-server/libexec/meta/Lua%205.4%20en-us%20utf8/basic.lua , size = 15.619 KB
[21:10:55.771][info] [#0:script/workspace/loading.lua:113]: ++++As library of:	file:///home/tlesage/.local/share/nvim/mason/packages/lua-language-server/libexec/meta/Lua%205.4%20en-us%20utf8/basic.lua
[21:10:55.771][info] [#0:script/workspace/loading.lua:101]: Preload file at: file:///home/tlesage/.local/share/nvim/mason/packages/lua-language-server/libexec/meta/Lua%205.4%20en-us%20utf8/utf8.lua , size = 2.386 KB
[21:10:55.773][info] [#0:script/workspace/loading.lua:113]: ++++As library of:	file:///home/tlesage/.local/share/nvim/mason/packages/lua-language-server/libexec/meta/Lua%205.4%20en-us%20utf8/utf8.lua
[21:10:55.773][info] [#0:script/workspace/loading.lua:98]: Skip loaded file: file:///home/tlesage/.local/share/nvim/mason/packages/lua-language-server/libexec/meta/Lua%205.4%20en-us%20utf8/basic.lua
[21:10:55.773][info] [#0:script/workspace/loading.lua:98]: Skip loaded file: file:///home/tlesage/.local/share/nvim/mason/packages/lua-language-server/libexec/meta/Lua%205.4%20en-us%20utf8/utf8.lua
[21:10:55.773][info] [#0:script/workspace/loading.lua:101]: Preload file at: file:///home/tlesage/.local/share/nvim/mason/packages/lua-language-server/libexec/meta/Lua%205.4%20en-us%20utf8/table.lua , size = 4.235 KB
[21:10:55.776][info] [#0:script/workspace/loading.lua:113]: ++++As library of:	file:///home/tlesage/.local/share/nvim/mason/packages/lua-language-server/libexec/meta/Lua%205.4%20en-us%20utf8/table.lua
[21:10:55.776][info] [#0:script/workspace/loading.lua:89]: Skip loaded file: file:///home/tlesage/.local/share/nvim/mason/packages/lua-language-server/libexec/meta/Lua%205.4%20en-us%20utf8/table.lua
[21:10:55.776][info] [#0:script/workspace/loading.lua:113]: ++++As library of:	file:///home/tlesage/.local/share/nvim/mason/packages/lua-language-server/libexec/meta/Lua%205.4%20en-us%20utf8/table.lua
[21:10:55.776][info] [#0:script/workspace/loading.lua:101]: Preload file at: file:///home/tlesage/.local/share/nvim/mason/packages/lua-language-server/libexec/meta/Lua%205.4%20en-us%20utf8/debug.lua , size = 7.637 KB
[21:10:55.784][info] [#0:script/workspace/loading.lua:113]: ++++As library of:	file:///home/tlesage/.local/share/nvim/mason/packages/lua-language-server/libexec/meta/Lua%205.4%20en-us%20utf8/debug.lua
[21:10:55.784][info] [#0:script/workspace/loading.lua:98]: Skip loaded file: file:///home/tlesage/.local/share/nvim/mason/packages/lua-language-server/libexec/meta/Lua%205.4%20en-us%20utf8/debug.lua
[21:10:55.784][info] [#0:script/workspace/loading.lua:101]: Preload file at: file:///home/tlesage/.local/share/nvim/mason/packages/lua-language-server/libexec/meta/Lua%205.4%20en-us%20utf8/coroutine.lua , size = 2.590 KB
[21:10:55.786][info] [#0:script/workspace/loading.lua:113]: ++++As library of:	file:///home/tlesage/.local/share/nvim/mason/packages/lua-language-server/libexec/meta/Lua%205.4%20en-us%20utf8/coroutine.lua
[21:10:55.786][info] [#0:script/workspace/loading.lua:98]: Skip loaded file: file:///home/tlesage/.local/share/nvim/mason/packages/lua-language-server/libexec/meta/Lua%205.4%20en-us%20utf8/coroutine.lua
[21:10:55.786][info] [#0:script/workspace/loading.lua:101]: Preload file at: file:///home/tlesage/.local/share/nvim/mason/packages/lua-language-server/libexec/meta/Lua%205.4%20en-us%20utf8/builtin.lua , size = 0.302 KB
[21:10:55.786][info] [#0:script/workspace/loading.lua:113]: ++++As library of:	file:///home/tlesage/.local/share/nvim/mason/packages/lua-language-server/libexec/meta/Lua%205.4%20en-us%20utf8/builtin.lua
[21:10:55.786][info] [#0:script/workspace/loading.lua:98]: Skip loaded file: file:///home/tlesage/.local/share/nvim/mason/packages/lua-language-server/libexec/meta/Lua%205.4%20en-us%20utf8/builtin.lua
[21:10:55.787][info] [#0:script/workspace/loading.lua:101]: Preload file at: file:///home/tlesage/.local/share/nvim/mason/packages/lua-language-server/libexec/meta/Lua%205.4%20en-us%20utf8/os.lua , size = 5.600 KB
[21:10:55.789][info] [#0:script/workspace/loading.lua:113]: ++++As library of:	file:///home/tlesage/.local/share/nvim/mason/packages/lua-language-server/libexec/meta/Lua%205.4%20en-us%20utf8/os.lua
[21:10:55.789][info] [#0:script/workspace/loading.lua:98]: Skip loaded file: file:///home/tlesage/.local/share/nvim/mason/packages/lua-language-server/libexec/meta/Lua%205.4%20en-us%20utf8/os.lua
[21:10:55.789][info] [#0:script/workspace/loading.lua:173]: Loaded files takes [0.088] sec: <fallback>
[21:10:55.789][info] [#0:script/workspace/loading.lua:182]: Compile files takes [0.000] sec: <fallback>
[21:10:55.789][info] [#0:script/workspace/loading.lua:183]: Loaded finish:	<fallback>
[21:10:55.789][info] [#0:script/workspace/workspace.lua:381]: Preload finish at:	<fallback>
[21:10:55.791][info] [#0:script/workspace/loading.lua:89]: Skip loaded file: file:///media/tlesage/docs/os%20rebuild%20teklia%20laptop/nvim/init.lua
[21:10:55.792][info] [#0:script/workspace/loading.lua:101]: Preload file at: file:///media/tlesage/docs/os%20rebuild%20teklia%20laptop/nvim/lua/nak0x/init.lua , size = 0.085 KB
[21:10:55.792][info] [#0:script/workspace/loading.lua:101]: Preload file at: file:///media/tlesage/docs/os%20rebuild%20teklia%20laptop/nvim/lua/nak0x/packer.lua , size = 1.065 KB
[21:10:55.793][info] [#0:script/workspace/loading.lua:101]: Preload file at: file:///media/tlesage/docs/os%20rebuild%20teklia%20laptop/nvim/lua/nak0x/remap.lua , size = 0.078 KB
[21:10:55.793][info] [#0:script/workspace/loading.lua:101]: Preload file at: file:///media/tlesage/docs/os%20rebuild%20teklia%20laptop/nvim/plugin/packer_compiled.lua , size = 5.902 KB
[21:10:55.795][info] [#0:script/workspace/loading.lua:101]: Preload file at: file:///media/tlesage/docs/os%20rebuild%20teklia%20laptop/nvim/after/plugin/lsp.lua , size = 1.721 KB
[21:10:55.797][info] [#0:script/workspace/loading.lua:101]: Preload file at: file:///media/tlesage/docs/os%20rebuild%20teklia%20laptop/nvim/lua/nak0x/set.lua , size = 0.549 KB
[21:10:55.798][info] [#0:script/workspace/loading.lua:101]: Preload file at: file:///media/tlesage/docs/os%20rebuild%20teklia%20laptop/nvim/after/plugin/treesitter.lua , size = 0.930 KB
[21:10:55.798][info] [#0:script/workspace/loading.lua:101]: Preload file at: file:///media/tlesage/docs/os%20rebuild%20teklia%20laptop/nvim/after/plugin/undotree.lua , size = 0.056 KB
[21:10:55.799][info] [#0:script/workspace/loading.lua:101]: Preload file at: file:///media/tlesage/docs/os%20rebuild%20teklia%20laptop/nvim/after/plugin/harpoon.lua , size = 0.403 KB
[21:10:55.799][info] [#0:script/workspace/loading.lua:101]: Preload file at: file:///media/tlesage/docs/os%20rebuild%20teklia%20laptop/nvim/after/plugin/rose-pine.lua , size = 1.764 KB
[21:10:55.800][info] [#0:script/workspace/loading.lua:101]: Preload file at: file:///media/tlesage/docs/os%20rebuild%20teklia%20laptop/nvim/after/plugin/telescope.lua , size = 0.374 KB
[21:10:55.801][info] [#0:script/workspace/loading.lua:101]: Preload file at: file:///media/tlesage/docs/os%20rebuild%20teklia%20laptop/nvim/after/plugin/fugitive.lua , size = 0.041 KB
[21:10:55.801][info] [#0:script/workspace/loading.lua:173]: Loaded files takes [0.100] sec: file:///media/tlesage/docs/os%20rebuild%20teklia%20laptop/nvim
[21:10:55.801][info] [#0:script/workspace/loading.lua:182]: Compile files takes [0.000] sec: file:///media/tlesage/docs/os%20rebuild%20teklia%20laptop/nvim
[21:10:55.801][info] [#0:script/workspace/loading.lua:183]: Loaded finish:	file:///media/tlesage/docs/os%20rebuild%20teklia%20laptop/nvim
[21:10:55.801][info] [#0:script/workspace/workspace.lua:381]: Preload finish at:	file:///media/tlesage/docs/os%20rebuild%20teklia%20laptop/nvim
[21:10:55.804][info] [#0:script/provider/diagnostic.lua:560]: Diagnostics scope [file:///media/tlesage/docs/os%20rebuild%20teklia%20laptop/nvim], files count:[24]
[21:10:55.952][info] [#0:script/provider/diagnostic.lua:577]: Diagnostics scope [file:///media/tlesage/docs/os%20rebuild%20teklia%20laptop/nvim] finished, takes [0.055] sec.
[21:14:48.845][info] [#0:script/provider/provider.lua:169]: Server shutdown.
[21:14:48.845][warn] [#0:script/pub/report.lua:25]: Load proto error:	Disconnected!
